<?xml version="1.0" encoding="UTF-8"?>
<!-- Generated by org.testng.reporters.JUnitXMLReporter -->
<testsuite ignored="0" hostname="Rakshitha" failures="0" tests="7" name="Chrome-PolicyFlow" time="46.415" errors="0" timestamp="2025-09-08T17:14:38 IST">
  <testcase classname="com.parabank.tests.LoginTests" name="validLogin" time="4.743"/>
  <testcase classname="com.parabank.tests.PolicyCreationTests" name="createPolicy" time="3.48"/>
  <testcase classname="com.parabank.tests.PolicyCreationTests" name="createPolicy" time="3.19"/>
  <testcase classname="com.parabank.tests.PremiumCalculationTests" name="validatePremium" time="0.009"/>
  <testcase classname="com.parabank.tests.PremiumCalculationTests" name="validatePremium" time="0.002"/>
  <testcase classname="com.parabank.tests.PremiumCalculationTests" name="validatePremium" time="0.003"/>
  <testcase classname="com.parabank.tests.PremiumCalculationTests" name="validatePremium" time="0.004"/>
</testsuite> <!-- Chrome-PolicyFlow -->
