<?xml version="1.0" encoding="UTF-8"?>
<!-- Generated by org.testng.reporters.JUnitXMLReporter -->
<testsuite ignored="0" hostname="Rakshitha" failures="0" tests="3" name="Firefox-ClaimsPayments" time="47.888" errors="0" timestamp="2025-09-08T17:14:40 IST">
  <testcase classname="com.parabank.tests.RenewalTests" name="renewPolicy" time="4.052"/>
  <testcase classname="com.parabank.tests.ClaimsTests" name="submitClaim" time="2.941"/>
  <testcase classname="com.parabank.tests.PaymentGatewayTests" name="failedPayment" time="3.048"/>
</testsuite> <!-- Firefox-ClaimsPayments -->
